SF:lib/app/theme/app_theme.dart
DA:10,0
DA:12,3
DA:15,1
DA:16,1
DA:17,1
DA:18,1
DA:20,1
DA:22,1
DA:23,1
DA:28,1
DA:29,1
DA:31,1
DA:33,1
DA:34,1
DA:35,1
DA:38,1
DA:39,1
DA:40,2
DA:42,1
DA:43,1
DA:44,2
DA:46,1
DA:47,1
DA:48,2
DA:51,1
DA:52,1
DA:53,1
DA:54,1
DA:55,1
DA:56,1
DA:65,1
DA:66,1
DA:67,1
DA:68,1
DA:73,1
DA:74,1
DA:77,1
DA:78,1
DA:79,1
DA:80,1
DA:81,1
DA:85,1
DA:86,1
DA:87,1
DA:91,3
DA:94,1
DA:95,1
DA:96,1
DA:97,1
DA:99,1
DA:101,1
DA:102,1
DA:107,1
DA:108,1
DA:110,1
DA:112,1
DA:113,1
DA:114,1
DA:117,1
DA:118,1
DA:119,2
DA:121,1
DA:122,1
DA:123,2
DA:125,1
DA:126,1
DA:127,2
DA:130,1
DA:131,1
DA:132,1
DA:133,1
DA:134,1
DA:135,1
DA:144,1
DA:145,1
DA:146,1
DA:147,1
DA:152,1
DA:153,1
DA:154,1
DA:156,1
DA:157,1
DA:160,1
DA:161,1
DA:162,2
DA:165,1
DA:166,1
DA:167,1
LF:88
LH:87
end_of_record
SF:lib/app/vm/global_settings_vm.dart
DA:8,1
DA:10,3
DA:12,1
DA:13,2
LF:4
LH:4
end_of_record
SF:lib/presentation/theme_settings/theme_settings_screen.dart
DA:10,1
DA:12,1
DA:14,1
DA:15,1
DA:16,3
DA:17,1
DA:18,2
DA:19,1
DA:20,1
DA:22,2
DA:23,1
DA:50,1
DA:52,1
DA:54,1
DA:56,1
DA:57,2
DA:58,1
DA:59,1
DA:60,1
DA:61,2
DA:63,0
DA:69,1
DA:71,2
DA:77,1
DA:79,1
DA:80,2
DA:81,1
DA:82,2
DA:83,1
DA:84,2
LF:30
LH:29
end_of_record
SF:lib/presentation/dialogs/dialog_helper.dart
DA:11,0
DA:15,0
DA:16,0
DA:17,0
DA:18,0
DA:19,0
DA:20,0
DA:22,0
DA:26,0
DA:32,0
DA:35,0
DA:36,0
DA:38,0
DA:39,0
DA:41,0
DA:42,0
DA:45,0
DA:47,0
DA:51,0
DA:52,0
DA:53,0
DA:54,0
DA:56,0
DA:57,0
DA:58,0
DA:74,0
DA:86,0
DA:88,0
DA:89,0
DA:91,0
DA:92,0
DA:93,0
DA:95,0
DA:96,0
DA:98,0
DA:100,0
DA:101,0
DA:109,0
DA:110,0
DA:111,0
DA:113,0
DA:116,0
LF:42
LH:0
end_of_record
SF:lib/app/vm/global_settings_scope.dart
DA:6,1
DA:14,1
DA:16,1
DA:17,1
DA:18,1
DA:21,0
DA:23,0
DA:24,0
DA:27,0
DA:28,0
LF:10
LH:5
end_of_record
SF:lib/l10n/localization.dart
DA:7,2
LF:1
LH:1
end_of_record
SF:lib/presentation/tools/root_context_provider/root_context_provider.dart
DA:5,3
DA:6,1
DA:10,2
DA:12,0
DA:16,0
DA:17,0
DA:22,0
LF:7
LH:3
end_of_record
SF:lib/app/theme/app_color_scheme.dart
DA:4,0
LF:1
LH:0
end_of_record
SF:lib/app/theme/app_text_theme.dart
DA:5,0
DA:7,1
DA:9,1
DA:10,1
DA:17,1
DA:23,1
DA:29,1
DA:35,1
DA:40,1
DA:45,1
LF:10
LH:9
end_of_record
SF:lib/app/theme/gpt_markdown_theme_data.dart
DA:12,1
DA:20,1
DA:23,1
DA:25,1
DA:59,1
DA:62,1
DA:64,1
DA:98,0
DA:104,0
DA:105,0
DA:106,0
DA:107,0
DA:108,0
DA:109,0
DA:113,1
DA:118,1
DA:119,1
DA:120,2
DA:121,1
DA:122,2
DA:125,5
DA:126,0
DA:127,5
DA:128,5
DA:129,5
DA:130,5
DA:131,5
DA:132,5
DA:133,1
DA:134,2
DA:135,2
DA:136,1
DA:138,5
DA:139,0
DA:141,5
DA:142,0
DA:144,5
DA:145,0
DA:148,3
DA:150,3
DA:151,0
DA:153,3
DA:154,0
LF:43
LH:30
end_of_record
SF:lib/app/theme/shimmer_colors.dart
DA:9,1
DA:15,1
DA:17,1
DA:23,0
DA:32,0
DA:38,0
DA:39,0
DA:40,0
DA:41,0
DA:45,1
DA:47,1
DA:48,1
DA:49,3
DA:50,3
DA:51,3
LF:15
LH:9
end_of_record
SF:lib/domain/error/app_error.dart
DA:4,0
DA:8,0
DA:27,0
DA:29,0
DA:30,0
DA:31,0
DA:32,0
DA:33,0
DA:34,0
DA:37,0
DA:38,0
DA:39,0
DA:50,0
DA:54,0
DA:56,0
DA:57,0
DA:61,0
DA:63,0
DA:64,0
DA:68,0
DA:70,0
DA:71,0
LF:22
LH:0
end_of_record
SF:lib/domain/error/error_messages_provider.dart
DA:5,0
DA:6,0
DA:8,0
LF:3
LH:0
end_of_record
SF:lib/l10n/common_localizations.dart
DA:64,1
DA:65,2
DA:69,1
DA:70,1
DA:226,1
DA:228,1
DA:230,1
DA:231,1
DA:235,1
DA:237,3
DA:239,1
DA:243,1
DA:245,1
DA:246,1
DA:247,1
DA:250,0
LF:16
LH:15
end_of_record
SF:lib/l10n/common_localizations_en.dart
DA:9,2
DA:11,0
DA:14,0
DA:17,0
DA:20,0
DA:23,0
DA:26,0
DA:29,0
DA:32,0
DA:35,0
DA:38,0
DA:41,0
DA:44,0
DA:47,0
DA:50,0
DA:53,0
DA:56,0
DA:59,0
DA:62,1
DA:65,1
DA:68,1
DA:71,1
LF:22
LH:5
end_of_record
SF:lib/presentation/dialogs/dialog_button.dart
DA:8,0
DA:14,0
DA:16,0
DA:18,0
DA:19,0
DA:20,0
DA:21,0
DA:22,0
DA:24,0
DA:26,0
DA:37,0
DA:43,0
DA:45,0
DA:47,0
DA:48,0
DA:49,0
DA:50,0
DA:51,0
DA:53,0
LF:19
LH:0
end_of_record
SF:lib/presentation/widgets/settings_item_tile.dart
DA:15,1
DA:26,1
DA:28,1
DA:30,1
DA:31,1
DA:32,1
DA:33,1
DA:34,1
DA:37,1
DA:38,1
DA:39,1
DA:40,1
DA:41,1
DA:44,1
DA:45,1
DA:46,2
DA:47,0
DA:48,1
DA:50,1
DA:51,1
DA:52,2
DA:54,2
DA:55,2
DA:56,2
DA:60,1
DA:61,1
DA:62,1
DA:64,3
DA:65,1
DA:67,1
DA:68,1
DA:69,1
DA:70,1
DA:71,1
DA:74,2
DA:75,1
DA:80,2
DA:96,1
DA:102,1
DA:104,2
DA:105,1
DA:107,4
DA:109,0
DA:110,0
DA:111,0
DA:112,0
DA:122,0
DA:128,0
DA:130,0
DA:131,0
DA:133,0
DA:134,0
DA:136,0
DA:139,0
DA:140,0
DA:141,0
DA:142,0
DA:152,0
DA:154,0
DA:156,0
DA:157,0
DA:164,0
DA:166,0
LF:63
LH:41
end_of_record
SF:lib/presentation/tools/list_item_position.dart
DA:10,0
DA:11,0
DA:13,0
DA:15,0
DA:22,1
DA:26,1
DA:27,0
DA:29,1
DA:30,1
DA:32,1
DA:33,1
DA:35,1
DA:40,1
DA:42,1
DA:43,0
DA:45,1
DA:46,1
DA:47,1
DA:48,1
DA:49,1
DA:52,1
DA:53,1
DA:54,1
DA:55,1
DA:56,1
DA:59,1
DA:60,1
DA:61,1
DA:62,1
DA:67,1
DA:69,1
DA:70,1
DA:72,1
DA:73,1
LF:34
LH:28
end_of_record
