SF:lib/services/event_store/nostr_filter_to_raw_event_query_mapper.dart
DA:6,1
DA:10,1
DA:11,1
DA:12,5
DA:13,5
DA:14,5
DA:15,5
DA:16,5
DA:17,1
DA:18,1
DA:19,4
DA:21,1
DA:22,1
DA:23,1
DA:24,1
DA:25,1
DA:26,1
DA:27,3
DA:29,1
DA:30,3
DA:32,1
DA:33,1
DA:37,1
DA:38,1
DA:39,1
LF:25
LH:25
end_of_record
SF:lib/services/event_store/raw_event_store.dart
DA:36,1
DA:47,4
DA:86,0
DA:97,0
DA:98,0
DA:99,0
DA:100,0
DA:101,0
DA:102,0
DA:103,0
DA:104,0
DA:105,0
DA:106,0
LF:13
LH:2
end_of_record
SF:lib/app/theme/app_color_scheme.dart
DA:4,0
LF:1
LH:0
end_of_record
SF:lib/app/theme/app_text_theme.dart
DA:5,0
DA:7,2
DA:9,2
DA:10,2
DA:17,2
DA:23,2
DA:29,2
DA:35,2
DA:40,2
DA:45,2
LF:10
LH:9
end_of_record
SF:lib/app/theme/app_theme.dart
DA:10,0
DA:12,6
DA:15,2
DA:16,2
DA:17,2
DA:18,2
DA:20,2
DA:22,2
DA:23,2
DA:28,2
DA:29,2
DA:31,2
DA:33,2
DA:34,2
DA:35,2
DA:38,2
DA:39,2
DA:40,4
DA:42,2
DA:43,2
DA:44,4
DA:46,2
DA:47,2
DA:48,4
DA:51,2
DA:52,2
DA:53,2
DA:54,2
DA:55,2
DA:56,2
DA:65,2
DA:66,2
DA:67,2
DA:68,2
DA:73,2
DA:74,2
DA:77,2
DA:78,2
DA:79,2
DA:80,2
DA:81,2
DA:85,2
DA:86,2
DA:87,2
DA:91,6
DA:94,2
DA:95,2
DA:96,2
DA:97,2
DA:99,2
DA:101,2
DA:102,2
DA:107,2
DA:108,2
DA:110,2
DA:112,2
DA:113,2
DA:114,2
DA:117,2
DA:118,2
DA:119,4
DA:121,2
DA:122,2
DA:123,4
DA:125,2
DA:126,2
DA:127,4
DA:130,2
DA:131,2
DA:132,2
DA:133,2
DA:134,2
DA:135,2
DA:144,2
DA:145,2
DA:146,2
DA:147,2
DA:152,2
DA:153,2
DA:154,2
DA:156,2
DA:157,2
DA:160,2
DA:161,2
DA:162,4
DA:165,2
DA:166,2
DA:167,2
LF:88
LH:87
end_of_record
SF:lib/app/theme/gpt_markdown_theme_data.dart
DA:12,2
DA:20,2
DA:23,2
DA:25,2
DA:59,2
DA:62,2
DA:64,2
DA:98,0
DA:104,0
DA:105,0
DA:106,0
DA:107,0
DA:108,0
DA:109,0
DA:113,1
DA:118,1
DA:119,1
DA:120,2
DA:121,1
DA:122,2
DA:125,5
DA:126,0
DA:127,5
DA:128,5
DA:129,5
DA:130,5
DA:131,5
DA:132,5
DA:133,1
DA:134,2
DA:135,2
DA:136,1
DA:138,5
DA:139,0
DA:141,5
DA:142,0
DA:144,5
DA:145,0
DA:148,3
DA:150,3
DA:151,0
DA:153,3
DA:154,0
LF:43
LH:30
end_of_record
SF:lib/app/theme/shimmer_colors.dart
DA:9,3
DA:15,2
DA:17,2
DA:23,0
DA:32,0
DA:38,0
DA:39,0
DA:40,0
DA:41,0
DA:45,1
DA:47,1
DA:48,1
DA:49,3
DA:50,3
DA:51,3
LF:15
LH:9
end_of_record
SF:lib/app/vm/global_settings_scope.dart
DA:6,2
DA:14,1
DA:16,1
DA:17,1
DA:18,1
DA:21,0
DA:23,0
DA:24,0
DA:27,0
DA:28,0
LF:10
LH:5
end_of_record
SF:lib/app/vm/global_settings_vm.dart
DA:8,2
DA:10,3
DA:12,1
DA:13,2
LF:4
LH:4
end_of_record
SF:lib/domain/error/app_error.dart
DA:4,0
DA:8,0
DA:27,0
DA:29,0
DA:30,0
DA:31,0
DA:32,0
DA:33,0
DA:34,0
DA:37,0
DA:38,0
DA:39,0
DA:50,0
DA:54,0
DA:56,0
DA:57,0
DA:61,0
DA:63,0
DA:64,0
DA:68,0
DA:70,0
DA:71,0
LF:22
LH:0
end_of_record
SF:lib/domain/error/error_messages_provider.dart
DA:5,0
DA:6,0
DA:8,0
LF:3
LH:0
end_of_record
SF:lib/l10n/common_localizations.dart
DA:64,2
DA:65,4
DA:69,2
DA:70,2
DA:244,3
DA:246,2
DA:248,2
DA:249,2
DA:253,2
DA:255,6
DA:257,1
DA:261,2
DA:263,2
DA:264,2
DA:265,2
DA:268,0
LF:16
LH:15
end_of_record
SF:lib/l10n/common_localizations_en.dart
DA:9,4
DA:11,0
DA:14,0
DA:17,0
DA:20,0
DA:23,0
DA:26,0
DA:29,0
DA:32,0
DA:35,0
DA:38,0
DA:41,0
DA:44,0
DA:47,1
DA:50,1
DA:53,0
DA:56,0
DA:59,0
DA:62,1
DA:65,1
DA:68,1
DA:71,1
DA:74,1
DA:77,1
DA:79,1
DA:82,1
LF:26
LH:11
end_of_record
SF:lib/l10n/localization.dart
DA:7,4
LF:1
LH:1
end_of_record
SF:lib/presentation/dialogs/dialog_button.dart
DA:8,0
DA:14,0
DA:16,0
DA:18,0
DA:19,0
DA:20,0
DA:21,0
DA:22,0
DA:24,0
DA:26,0
DA:37,0
DA:43,0
DA:45,0
DA:47,0
DA:48,0
DA:49,0
DA:50,0
DA:51,0
DA:53,0
LF:19
LH:0
end_of_record
SF:lib/presentation/dialogs/dialog_helper.dart
DA:11,1
DA:15,1
DA:16,0
DA:17,0
DA:18,0
DA:19,2
DA:20,1
DA:22,3
DA:26,0
DA:32,0
DA:35,0
DA:36,0
DA:38,0
DA:39,0
DA:41,0
DA:42,0
DA:45,0
DA:47,0
DA:51,0
DA:52,0
DA:53,0
DA:54,0
DA:56,0
DA:57,0
DA:58,0
DA:74,0
DA:86,0
DA:88,0
DA:89,0
DA:91,0
DA:92,0
DA:93,0
DA:95,0
DA:96,0
DA:98,0
DA:100,0
DA:101,0
DA:109,0
DA:110,0
DA:111,0
DA:113,0
DA:116,0
LF:42
LH:5
end_of_record
SF:lib/presentation/theme_settings/theme_settings_screen.dart
DA:10,1
DA:12,1
DA:14,1
DA:15,1
DA:16,3
DA:17,1
DA:18,2
DA:19,1
DA:20,1
DA:22,2
DA:23,1
DA:50,3
DA:52,1
DA:54,1
DA:56,1
DA:57,2
DA:58,1
DA:59,1
DA:60,1
DA:61,2
DA:63,0
DA:69,1
DA:71,2
DA:77,1
DA:79,1
DA:80,2
DA:81,1
DA:82,2
DA:83,1
DA:84,2
LF:30
LH:29
end_of_record
SF:lib/presentation/widgets/settings_item_tile.dart
DA:15,1
DA:26,1
DA:28,1
DA:30,1
DA:31,1
DA:32,1
DA:33,1
DA:34,1
DA:37,1
DA:38,1
DA:39,1
DA:40,1
DA:41,1
DA:44,1
DA:45,1
DA:46,2
DA:47,0
DA:48,1
DA:50,1
DA:51,1
DA:52,2
DA:54,2
DA:55,2
DA:56,2
DA:60,1
DA:61,1
DA:62,1
DA:64,1
DA:65,2
DA:66,1
DA:68,1
DA:69,1
DA:70,1
DA:71,1
DA:72,1
DA:75,2
DA:76,1
DA:81,2
DA:97,1
DA:103,1
DA:105,2
DA:106,1
DA:108,4
DA:110,0
DA:111,0
DA:112,0
DA:113,0
DA:123,0
DA:129,0
DA:131,0
DA:132,0
DA:134,0
DA:135,0
DA:137,0
DA:140,0
DA:141,0
DA:142,0
DA:143,0
DA:153,0
DA:155,0
DA:157,0
DA:158,0
DA:165,0
DA:167,0
LF:64
LH:42
end_of_record
SF:lib/presentation/tools/list_item_position.dart
DA:10,1
DA:11,1
DA:13,1
DA:15,2
DA:22,2
DA:26,2
DA:27,0
DA:29,2
DA:30,2
DA:32,2
DA:33,2
DA:35,1
DA:40,1
DA:42,1
DA:43,0
DA:45,1
DA:46,1
DA:47,1
DA:48,1
DA:49,1
DA:52,1
DA:53,1
DA:54,1
DA:55,1
DA:56,1
DA:59,1
DA:60,1
DA:61,1
DA:62,1
DA:67,1
DA:69,1
DA:70,1
DA:72,1
DA:73,1
LF:34
LH:32
end_of_record
SF:lib/presentation/tools/root_context_provider/root_context_provider.dart
DA:5,6
DA:6,2
DA:10,4
DA:12,0
DA:16,0
DA:17,0
DA:22,0
LF:7
LH:3
end_of_record
SF:lib/data/repo/fetch_event_repo_impl.dart
DA:15,1
DA:21,1
DA:23,2
DA:24,2
DA:25,1
DA:26,1
DA:27,2
DA:33,1
DA:34,1
DA:35,1
DA:36,3
DA:37,2
DA:38,3
LF:13
LH:13
end_of_record
SF:lib/data/repo/get_event_repo_impl.dart
DA:8,1
DA:11,1
DA:13,4
DA:14,3
DA:15,1
DA:18,1
DA:19,4
DA:20,1
DA:21,3
LF:9
LH:9
end_of_record
SF:lib/presentation/raw_event/raw_event_screen.dart
DA:13,0
DA:15,1
DA:16,1
DA:21,4
DA:23,1
DA:25,1
DA:26,3
DA:29,1
DA:31,2
DA:32,1
DA:35,1
DA:36,2
DA:38,2
DA:42,1
DA:44,1
DA:45,1
DA:46,1
DA:47,3
DA:48,1
DA:49,1
DA:50,1
DA:51,3
DA:55,3
DA:59,3
DA:62,3
DA:63,1
DA:65,1
DA:66,1
DA:68,1
DA:69,1
DA:70,2
DA:73,1
DA:74,1
DA:76,1
DA:77,1
DA:78,1
DA:79,3
DA:80,1
DA:86,1
DA:88,2
DA:93,1
DA:105,2
DA:106,1
DA:107,2
LF:44
LH:43
end_of_record
SF:lib/presentation/raw_event/raw_event_screen_vm.dart
DA:26,4
DA:27,2
DA:28,2
DA:29,2
DA:36,1
DA:37,1
DA:38,1
DA:39,2
DA:40,2
DA:41,1
DA:42,2
DA:43,1
DA:47,1
DA:49,1
DA:50,2
DA:53,1
DA:54,4
DA:57,0
DA:59,1
DA:60,2
DA:61,1
DA:62,1
DA:64,3
DA:65,2
DA:66,2
DA:68,2
DA:69,4
DA:70,3
DA:71,2
DA:73,1
DA:75,2
DA:76,1
DA:80,0
DA:81,0
DA:82,0
DA:85,0
DA:87,0
DA:88,0
LF:38
LH:31
end_of_record
SF:lib/presentation/raw_event/widgets/raw_event_screen_json.dart
DA:14,1
DA:16,1
DA:18,1
DA:25,1
DA:26,2
DA:27,1
DA:28,1
DA:32,1
DA:33,1
DA:34,1
DA:35,1
DA:36,1
DA:37,3
DA:40,1
DA:42,1
DA:43,1
DA:44,2
DA:45,2
DA:47,1
DA:50,1
DA:53,2
DA:60,3
DA:63,1
DA:64,1
DA:67,1
DA:68,1
DA:69,1
DA:71,1
DA:75,1
DA:76,2
DA:77,1
DA:78,1
DA:79,1
DA:81,1
DA:85,1
DA:87,1
DA:88,1
DA:90,1
DA:106,1
DA:107,2
DA:110,1
DA:112,1
DA:113,1
DA:114,2
DA:115,2
LF:45
LH:45
end_of_record
SF:lib/presentation/raw_event/widgets/raw_event_screen_relay.dart
DA:9,1
DA:15,1
DA:16,1
DA:20,4
DA:22,1
DA:24,2
DA:25,1
DA:28,1
DA:30,1
DA:31,1
DA:32,1
DA:33,2
DA:34,3
DA:36,1
DA:37,1
DA:39,3
DA:41,3
DA:43,1
DA:45,1
DA:46,1
DA:49,2
DA:52,5
DA:54,1
DA:55,1
LF:24
LH:24
end_of_record
SF:lib/presentation/raw_event/widgets/copy_button.dart
DA:10,1
DA:12,0
DA:13,0
DA:16,0
DA:18,0
DA:19,0
DA:27,1
DA:33,1
DA:35,1
DA:36,1
DA:37,0
DA:38,1
DA:40,1
DA:41,2
DA:42,1
DA:43,1
DA:46,0
DA:49,0
DA:51,1
DA:54,2
LF:20
LH:12
end_of_record
SF:lib/presentation/tools/link_tap_handler.dart
DA:7,0
DA:8,0
DA:11,0
DA:13,0
DA:14,0
DA:16,0
DA:17,0
DA:21,0
DA:22,0
DA:27,0
DA:28,0
DA:29,0
DA:30,0
DA:31,0
DA:32,0
DA:33,0
DA:34,0
DA:35,0
DA:43,0
DA:44,0
DA:46,0
DA:47,0
DA:48,0
DA:49,0
LF:24
LH:0
end_of_record
SF:lib/presentation/widgets/markdown/gpt_markdown_widget.dart
DA:14,1
DA:22,1
DA:24,2
DA:25,1
DA:26,1
DA:27,1
DA:28,1
DA:30,1
DA:31,1
DA:32,1
DA:33,0
LF:11
LH:10
end_of_record
SF:lib/services/event_store/database/app_database.g.dart
DA:11,5
DA:14,10
DA:16,5
DA:23,10
DA:25,5
DA:32,10
DA:34,5
DA:43,10
DA:45,5
DA:54,10
DA:56,5
DA:65,10
DA:67,5
DA:74,10
DA:76,5
DA:83,10
DA:85,5
DA:90,5
DA:91,5
DA:92,5
DA:93,5
DA:94,5
DA:95,5
DA:96,5
DA:97,5
DA:98,5
DA:99,5
DA:101,5
DA:102,10
DA:103,5
DA:106,5
DA:111,5
DA:112,5
DA:113,5
DA:114,20
DA:116,0
DA:118,5
DA:119,5
DA:121,15
DA:124,0
DA:126,5
DA:127,5
DA:129,15
DA:132,0
DA:134,5
DA:135,5
DA:137,15
DA:140,0
DA:142,5
DA:143,5
DA:145,15
DA:148,0
DA:150,5
DA:151,5
DA:153,15
DA:156,0
DA:158,5
DA:159,5
DA:161,15
DA:164,0
DA:166,5
DA:167,5
DA:169,15
DA:172,0
DA:177,5
DA:178,5
DA:179,5
DA:181,0
DA:182,5
DA:183,15
DA:185,10
DA:187,15
DA:189,10
DA:191,15
DA:193,10
DA:195,15
DA:197,10
DA:199,15
DA:201,10
DA:203,15
DA:205,10
DA:207,15
DA:209,10
DA:211,15
DA:213,10
DA:218,0
DA:220,0
DA:246,5
DA:256,0
DA:258,0
DA:259,0
DA:260,0
DA:261,0
DA:262,0
DA:263,0
DA:264,0
DA:265,0
DA:266,0
DA:270,0
DA:271,0
DA:272,0
DA:273,0
DA:274,0
DA:275,0
DA:276,0
DA:277,0
DA:278,0
DA:279,0
DA:283,0
DA:287,0
DA:288,0
DA:289,0
DA:290,0
DA:291,0
DA:292,0
DA:293,0
DA:294,0
DA:295,0
DA:296,0
DA:299,0
DA:301,0
DA:302,0
DA:303,0
DA:304,0
DA:305,0
DA:306,0
DA:307,0
DA:308,0
DA:309,0
DA:310,0
DA:314,0
DA:323,0
DA:324,0
DA:325,0
DA:326,0
DA:327,0
DA:328,0
DA:329,0
DA:330,0
DA:331,0
DA:333,0
DA:334,0
DA:335,0
DA:336,0
DA:337,0
DA:338,0
DA:339,0
DA:340,0
DA:341,0
DA:342,0
DA:343,0
DA:344,0
DA:348,0
DA:350,0
DA:351,0
DA:352,0
DA:353,0
DA:354,0
DA:355,0
DA:356,0
DA:357,0
DA:358,0
DA:359,0
DA:360,0
DA:363,0
DA:365,0
DA:366,0
DA:369,0
DA:370,0
DA:371,0
DA:372,0
DA:373,0
DA:374,0
DA:375,0
DA:376,0
DA:377,0
DA:390,5
DA:401,0
DA:411,0
DA:412,0
DA:413,0
DA:414,0
DA:415,0
DA:416,0
DA:417,0
DA:418,0
DA:419,0
DA:430,0
DA:431,0
DA:432,0
DA:433,0
DA:434,0
DA:435,0
DA:436,0
DA:437,0
DA:438,0
DA:439,0
DA:443,0
DA:454,0
DA:455,0
DA:456,0
DA:457,0
DA:458,0
DA:459,0
DA:460,0
DA:461,0
DA:462,0
DA:463,0
DA:467,5
DA:469,5
DA:470,10
DA:471,20
DA:473,10
DA:474,20
DA:476,10
DA:477,20
DA:479,10
DA:480,20
DA:482,10
DA:483,20
DA:485,10
DA:486,20
DA:488,10
DA:489,20
DA:491,10
DA:492,20
DA:494,10
DA:495,0
DA:500,0
DA:502,0
DA:503,0
DA:504,0
DA:505,0
DA:506,0
DA:507,0
DA:508,0
DA:509,0
DA:510,0
DA:511,0
DA:512,0
DA:513,0
DA:522,5
DA:525,10
DA:527,5
DA:532,5
DA:540,10
DA:542,5
DA:546,5
DA:552,10
DA:554,5
DA:561,10
DA:563,5
DA:572,10
DA:574,5
DA:579,5
DA:580,30
DA:581,5
DA:582,10
DA:583,5
DA:586,3
DA:591,3
DA:592,3
DA:593,3
DA:594,0
DA:596,3
DA:597,3
DA:599,9
DA:602,0
DA:604,3
DA:605,3
DA:607,9
DA:610,0
DA:612,3
DA:613,3
DA:615,9
DA:618,0
DA:620,3
DA:621,3
DA:623,9
DA:629,5
DA:630,5
DA:631,0
DA:633,0
DA:634,0
DA:635,0
DA:637,0
DA:639,0
DA:641,0
DA:643,0
DA:645,0
DA:647,0
DA:649,0
DA:651,0
DA:653,0
DA:658,0
DA:660,0
DA:670,0
DA:677,0
DA:679,0
DA:680,0
DA:681,0
DA:682,0
DA:683,0
DA:684,0
DA:685,0
DA:690,0
DA:691,0
DA:692,0
DA:693,0
DA:694,0
DA:695,0
DA:696,0
DA:698,0
DA:702,0
DA:706,0
DA:707,0
DA:708,0
DA:709,0
DA:710,0
DA:711,0
DA:712,0
DA:715,0
DA:717,0
DA:718,0
DA:719,0
DA:720,0
DA:721,0
DA:722,0
DA:723,0
DA:727,0
DA:733,0
DA:734,0
DA:735,0
DA:736,0
DA:737,0
DA:738,0
DA:740,0
DA:741,0
DA:742,0
DA:743,0
DA:744,0
DA:745,0
DA:746,0
DA:750,0
DA:752,0
DA:753,0
DA:754,0
DA:755,0
DA:756,0
DA:757,0
DA:758,0
DA:759,0
DA:762,0
DA:763,0
DA:764,0
DA:767,0
DA:768,0
DA:769,0
DA:770,0
DA:771,0
DA:772,0
DA:781,0
DA:788,3
DA:794,3
DA:795,3
DA:796,3
DA:797,0
DA:804,0
DA:805,0
DA:806,0
DA:807,0
DA:808,0
DA:809,0
DA:813,0
DA:820,0
DA:821,0
DA:822,0
DA:823,0
DA:824,0
DA:825,0
DA:829,3
DA:831,3
DA:832,6
DA:833,0
DA:835,6
DA:836,12
DA:838,6
DA:839,12
DA:841,6
DA:842,12
DA:844,6
DA:845,12
DA:850,0
DA:852,0
DA:853,0
DA:854,0
DA:855,0
DA:856,0
DA:857,0
DA:858,0
DA:859,0
DA:868,5
DA:871,10
DA:873,5
DA:878,5
DA:886,10
DA:888,5
DA:892,5
DA:900,10
DA:902,5
DA:911,10
DA:913,5
DA:918,5
DA:919,25
DA:920,5
DA:921,10
DA:922,5
DA:925,1
DA:930,1
DA:931,1
DA:932,1
DA:933,0
DA:935,1
DA:936,1
DA:938,3
DA:941,0
DA:943,1
DA:944,1
DA:946,3
DA:949,0
DA:951,1
DA:952,1
DA:954,2
DA:955,1
DA:960,0
DA:965,5
DA:966,5
DA:967,5
DA:968,5
DA:969,10
DA:971,1
DA:973,0
DA:974,1
DA:975,3
DA:977,2
DA:979,3
DA:981,2
DA:983,3
DA:985,2
DA:987,3
DA:989,2
DA:994,0
DA:996,0
DA:1006,1
DA:1012,0
DA:1014,0
DA:1015,0
DA:1016,0
DA:1017,0
DA:1018,0
DA:1022,0
DA:1023,0
DA:1024,0
DA:1025,0
DA:1026,0
DA:1027,0
DA:1031,0
DA:1035,0
DA:1036,0
DA:1037,0
DA:1038,0
DA:1039,0
DA:1040,0
DA:1043,0
DA:1045,0
DA:1046,0
DA:1047,0
DA:1048,0
DA:1049,0
DA:1050,0
DA:1054,0
DA:1059,0
DA:1060,0
DA:1061,0
DA:1062,0
DA:1063,0
DA:1065,0
DA:1066,0
DA:1067,0
DA:1068,0
DA:1069,0
DA:1070,0
DA:1071,0
DA:1072,0
DA:1076,0
DA:1078,0
DA:1079,0
DA:1080,0
DA:1081,0
DA:1082,0
DA:1083,0
DA:1084,0
DA:1087,0
DA:1088,0
DA:1089,0
DA:1092,0
DA:1093,0
DA:1094,0
DA:1095,0
DA:1096,0
DA:1104,0
DA:1110,1
DA:1115,1
DA:1116,1
DA:1117,1
DA:1118,0
DA:1124,0
DA:1125,0
DA:1126,0
DA:1127,0
DA:1128,0
DA:1132,0
DA:1138,0
DA:1139,0
DA:1140,0
DA:1141,0
DA:1142,0
DA:1146,1
DA:1148,1
DA:1149,2
DA:1150,0
DA:1152,2
DA:1153,4
DA:1155,2
DA:1156,4
DA:1158,2
DA:1159,4
DA:1164,0
DA:1166,0
DA:1167,0
DA:1168,0
DA:1169,0
DA:1170,0
DA:1171,0
DA:1172,0
DA:1181,5
DA:1186,10
DA:1188,5
DA:1194,5
DA:1195,5
DA:1197,5
DA:1201,10
DA:1202,10
DA:1207,10
DA:1209,5
DA:1218,10
DA:1220,5
DA:1229,10
DA:1231,5
DA:1241,10
DA:1243,5
DA:1252,10
DA:1254,5
DA:1259,5
DA:1260,5
DA:1261,5
DA:1262,5
DA:1263,5
DA:1264,5
DA:1265,5
DA:1266,5
DA:1267,5
DA:1269,5
DA:1270,10
DA:1271,5
DA:1274,1
DA:1279,1
DA:1280,1
DA:1281,1
DA:1282,1
DA:1284,3
DA:1287,0
DA:1289,1
DA:1290,1
DA:1292,3
DA:1295,0
DA:1297,1
DA:1298,1
DA:1300,2
DA:1301,1
DA:1306,1
DA:1307,1
DA:1309,2
DA:1310,1
DA:1315,1
DA:1316,1
DA:1318,2
DA:1319,1
DA:1324,1
DA:1325,1
DA:1327,2
DA:1328,1
DA:1336,5
DA:1337,5
DA:1338,1
DA:1340,0
DA:1341,1
DA:1342,3
DA:1344,2
DA:1346,2
DA:1347,3
DA:1349,2
DA:1352,3
DA:1354,2
DA:1356,3
DA:1358,2
DA:1360,3
DA:1362,2
DA:1364,3
DA:1366,2
DA:1368,3
DA:1370,2
DA:1375,0
DA:1377,0
DA:1380,10
DA:1406,1
DA:1415,0
DA:1417,0
DA:1418,0
DA:1420,0
DA:1421,0
DA:1424,0
DA:1425,0
DA:1426,0
DA:1428,0
DA:1429,0
DA:1430,0
DA:1432,0
DA:1433,0
DA:1438,0
DA:1439,0
DA:1440,0
DA:1441,0
DA:1442,0
DA:1443,0
DA:1445,0
DA:1446,0
DA:1447,0
DA:1449,0
DA:1450,0
DA:1452,0
DA:1456,0
DA:1460,0
DA:1461,0
DA:1462,0
DA:1463,0
DA:1464,0
DA:1466,0
DA:1467,0
DA:1468,0
DA:1469,0
DA:1470,0
DA:1473,0
DA:1475,0
DA:1476,0
DA:1477,0
DA:1478,0
DA:1479,0
DA:1481,0
DA:1482,0
DA:1483,0
DA:1484,0
DA:1485,0
DA:1489,0
DA:1497,0
DA:1498,0
DA:1499,0
DA:1500,0
DA:1501,0
DA:1502,0
DA:1503,0
DA:1504,0
DA:1505,0
DA:1506,0
DA:1507,0
DA:1508,0
DA:1509,0
DA:1510,0
DA:1512,0
DA:1513,0
DA:1514,0
DA:1515,0
DA:1516,0
DA:1517,0
DA:1518,0
DA:1519,0
DA:1520,0
DA:1521,0
DA:1522,0
DA:1523,0
DA:1524,0
DA:1525,0
DA:1526,0
DA:1527,0
DA:1528,0
DA:1532,0
DA:1534,0
DA:1535,0
DA:1536,0
DA:1537,0
DA:1538,0
DA:1539,0
DA:1540,0
DA:1541,0
DA:1542,0
DA:1543,0
DA:1546,0
DA:1547,0
DA:1548,0
DA:1549,0
DA:1550,0
DA:1551,0
DA:1552,0
DA:1553,0
DA:1554,0
DA:1556,0
DA:1559,0
DA:1560,0
DA:1561,0
DA:1562,0
DA:1563,0
DA:1564,0
DA:1565,0
DA:1566,0
DA:1578,3
DA:1588,1
DA:1597,1
DA:1598,1
DA:1599,0
DA:1609,0
DA:1610,0
DA:1611,0
DA:1612,0
DA:1613,0
DA:1614,0
DA:1615,0
DA:1616,0
DA:1617,0
DA:1621,0
DA:1631,0
DA:1632,0
DA:1633,0
DA:1634,0
DA:1635,0
DA:1636,0
DA:1637,0
DA:1638,0
DA:1639,0
DA:1643,1
DA:1645,1
DA:1646,2
DA:1647,4
DA:1649,2
DA:1650,2
DA:1651,4
DA:1654,2
DA:1655,4
DA:1657,2
DA:1658,4
DA:1660,2
DA:1661,4
DA:1663,2
DA:1664,4
DA:1666,2
DA:1667,4
DA:1669,2
DA:1670,0
DA:1675,0
DA:1677,0
DA:1678,0
DA:1679,0
DA:1680,0
DA:1681,0
DA:1682,0
DA:1683,0
DA:1684,0
DA:1685,0
DA:1686,0
DA:1687,0
DA:1692,10
DA:1693,0
DA:1694,10
DA:1695,10
DA:1696,10
DA:1699,10
DA:1700,10
DA:1704,10
DA:1708,10
DA:1712,10
DA:1716,10
DA:1721,2
DA:1722,0
DA:1724,0
DA:1725,5
DA:1726,5
DA:1727,5
DA:1728,5
DA:1729,5
DA:1730,5
DA:1731,5
DA:1732,5
DA:1733,5
DA:1734,5
DA:1735,5
DA:1737,5
DA:1783,0
DA:1785,0
DA:1786,0
DA:1787,0
DA:1788,0
DA:1791,0
DA:1792,0
DA:1793,0
DA:1794,0
DA:1795,0
DA:1797,0
DA:1798,0
DA:1799,0
DA:1803,0
DA:1804,0
DA:1805,0
DA:1806,0
DA:1807,0
DA:1808,0
DA:1812,0
DA:1813,0
DA:1814,0
DA:1815,0
DA:1816,0
DA:1818,0
DA:1819,0
DA:1821,0
DA:1822,0
DA:1829,0
DA:1836,0
DA:1837,0
DA:1838,0
DA:1841,0
DA:1842,0
DA:1843,0
DA:1846,0
DA:1847,0
DA:1848,0
DA:1851,0
DA:1852,0
DA:1853,0
DA:1856,0
DA:1857,0
DA:1858,0
DA:1861,0
DA:1862,0
DA:1863,0
DA:1866,0
DA:1867,0
DA:1868,0
DA:1871,0
DA:1872,0
DA:1873,0
DA:1876,0
DA:1879,0
DA:1881,0
DA:1882,0
DA:1883,0
DA:1885,0
DA:1889,0
DA:1890,0
DA:1891,0
DA:1898,0
DA:1901,0
DA:1904,0
DA:1906,0
DA:1907,0
DA:1908,0
DA:1910,0
DA:1914,0
DA:1915,0
DA:1916,0
DA:1923,0
DA:1929,0
DA:1936,0
DA:1937,0
DA:1938,0
DA:1941,0
DA:1942,0
DA:1943,0
DA:1946,0
DA:1947,0
DA:1948,0
DA:1951,0
DA:1952,0
DA:1953,0
DA:1956,0
DA:1957,0
DA:1958,0
DA:1961,0
DA:1962,0
DA:1963,0
DA:1966,0
DA:1967,0
DA:1968,0
DA:1971,0
DA:1972,0
DA:1973,0
DA:1979,0
DA:1986,0
DA:1987,0
DA:1989,0
DA:1990,0
DA:1992,0
DA:1993,0
DA:1995,0
DA:1996,0
DA:1998,0
DA:1999,0
DA:2000,0
DA:2003,0
DA:2004,0
DA:2006,0
DA:2007,0
DA:2009,0
DA:2010,0
DA:2012,0
DA:2015,0
DA:2017,0
DA:2018,0
DA:2019,0
DA:2021,0
DA:2025,0
DA:2026,0
DA:2027,0
DA:2034,0
DA:2037,0
DA:2040,0
DA:2042,0
DA:2043,0
DA:2044,0
DA:2046,0
DA:2050,0
DA:2051,0
DA:2052,0
DA:2059,0
DA:2081,0
DA:2082,0
DA:2083,0
DA:2086,0
DA:2087,0
DA:2088,0
DA:2089,0
DA:2090,0
DA:2091,0
DA:2093,0
DA:2103,0
DA:2115,0
DA:2125,0
DA:2136,0
DA:2137,0
DA:2138,0
DA:2139,0
DA:2140,0
DA:2143,0
DA:2145,0
DA:2146,0
DA:2148,0
DA:2149,0
DA:2150,0
DA:2153,0
DA:2154,0
DA:2156,0
DA:2163,0
DA:2164,0
DA:2165,0
DA:2169,0
DA:2171,0
DA:2172,0
DA:2177,0
DA:2184,0
DA:2185,0
DA:2186,0
DA:2190,0
DA:2192,0
DA:2193,0
DA:2238,0
DA:2240,0
DA:2241,0
DA:2242,0
DA:2245,0
DA:2246,0
DA:2248,0
DA:2249,0
DA:2250,0
DA:2251,0
DA:2252,0
DA:2254,0
DA:2255,0
DA:2262,0
DA:2269,0
DA:2270,0
DA:2271,0
DA:2274,0
DA:2275,0
DA:2276,0
DA:2279,0
DA:2280,0
DA:2281,0
DA:2284,0
DA:2285,0
DA:2286,0
DA:2289,0
DA:2290,0
DA:2292,0
DA:2293,0
DA:2294,0
DA:2296,0
DA:2300,0
DA:2301,0
DA:2302,0
DA:2315,0
DA:2322,0
DA:2323,0
DA:2324,0
DA:2327,0
DA:2328,0
DA:2329,0
DA:2332,0
DA:2333,0
DA:2334,0
DA:2337,0
DA:2338,0
DA:2339,0
DA:2342,0
DA:2343,0
DA:2345,0
DA:2346,0
DA:2347,0
DA:2349,0
DA:2353,0
DA:2354,0
DA:2355,0
DA:2368,0
DA:2375,0
DA:2376,0
DA:2378,0
DA:2379,0
DA:2381,0
DA:2382,0
DA:2384,0
DA:2385,0
DA:2387,0
DA:2388,0
DA:2390,0
DA:2391,0
DA:2392,0
DA:2394,0
DA:2398,0
DA:2399,0
DA:2400,0
DA:2426,0
DA:2427,0
DA:2428,0
DA:2431,0
DA:2432,0
DA:2433,0
DA:2434,0
DA:2435,0
DA:2436,0
DA:2438,0
DA:2444,0
DA:2452,0
DA:2458,0
DA:2465,0
DA:2466,0
DA:2467,0
DA:2468,0
DA:2469,0
DA:2472,0
DA:2473,0
DA:2474,0
DA:2476,0
DA:2492,0
DA:2495,0
DA:2497,0
DA:2499,0
DA:2501,0
DA:2502,0
DA:2509,0
DA:2510,0
DA:2554,0
DA:2560,0
DA:2561,0
DA:2562,0
DA:2565,0
DA:2566,0
DA:2568,0
DA:2569,0
DA:2570,0
DA:2571,0
DA:2572,0
DA:2574,0
DA:2575,0
DA:2582,0
DA:2589,0
DA:2590,0
DA:2591,0
DA:2594,0
DA:2595,0
DA:2596,0
DA:2599,0
DA:2600,0
DA:2601,0
DA:2604,0
DA:2605,0
DA:2607,0
DA:2608,0
DA:2609,0
DA:2611,0
DA:2615,0
DA:2616,0
DA:2617,0
DA:2630,0
DA:2637,0
DA:2638,0
DA:2639,0
DA:2642,0
DA:2643,0
DA:2644,0
DA:2647,0
DA:2648,0
DA:2649,0
DA:2652,0
DA:2653,0
DA:2655,0
DA:2656,0
DA:2657,0
DA:2659,0
DA:2663,0
DA:2664,0
DA:2665,0
DA:2678,0
DA:2685,0
DA:2686,0
DA:2688,0
DA:2689,0
DA:2691,0
DA:2692,0
DA:2693,0
DA:2696,0
DA:2697,0
DA:2699,0
DA:2700,0
DA:2701,0
DA:2703,0
DA:2707,0
DA:2708,0
DA:2709,0
DA:2735,0
DA:2738,0
DA:2739,0
DA:2742,0
DA:2743,0
DA:2744,0
DA:2745,0
DA:2746,0
DA:2747,0
DA:2749,0
DA:2754,0
DA:2761,0
DA:2766,0
DA:2772,0
DA:2773,0
DA:2774,0
DA:2775,0
DA:2776,0
DA:2779,0
DA:2780,0
DA:2781,0
DA:2783,0
DA:2799,0
DA:2802,0
DA:2804,0
DA:2807,0
DA:2810,0
DA:2811,0
DA:2818,0
DA:2819,0
DA:2866,0
DA:2873,0
DA:2874,0
DA:2875,0
DA:2878,0
DA:2879,0
DA:2880,0
DA:2881,0
DA:2884,0
DA:2885,0
DA:2886,0
DA:2889,0
DA:2890,0
DA:2891,0
DA:2894,0
DA:2895,0
DA:2896,0
DA:2899,0
DA:2900,0
DA:2901,0
DA:2904,0
DA:2905,0
DA:2906,0
DA:2912,0
DA:2919,0
DA:2920,0
DA:2921,0
DA:2924,0
DA:2925,0
DA:2926,0
DA:2929,0
DA:2930,0
DA:2931,0
DA:2934,0
DA:2935,0
DA:2936,0
DA:2939,0
DA:2940,0
DA:2941,0
DA:2944,0
DA:2945,0
DA:2946,0
DA:2949,0
DA:2950,0
DA:2951,0
DA:2957,0
DA:2964,0
DA:2965,0
DA:2967,0
DA:2968,0
DA:2970,0
DA:2971,0
DA:2973,0
DA:2974,0
DA:2975,0
DA:2978,0
DA:2979,0
DA:2980,0
DA:2983,0
DA:2984,0
DA:2985,0
DA:2988,0
DA:2989,0
DA:2990,0
DA:3012,0
DA:3013,0
DA:3014,0
DA:3017,0
DA:3018,0
DA:3019,0
DA:3020,0
DA:3021,0
DA:3022,0
DA:3024,0
DA:3033,0
DA:3044,0
DA:3053,0
DA:3063,0
DA:3064,0
DA:3065,0
DA:3091,0
DA:3092,0
DA:3093,0
DA:3094,0
DA:3095,0
DA:3096,0
DA:3097,0
DA:3098,0
DA:3099,0
LF:1283
LH:328
end_of_record
SF:lib/services/event_store/database/app_database.dart
DA:18,0
DA:20,5
DA:22,5
DA:25,0
DA:26,0
DA:29,0
DA:30,0
DA:31,0
LF:8
LH:2
end_of_record
SF:lib/services/event_store/database/daos/nostr_event_dao.g.dart
DA:7,15
DA:8,15
DA:9,2
DA:10,4
DA:11,0
DA:16,0
DA:17,0
DA:18,0
DA:19,0
DA:20,0
DA:21,0
DA:22,0
DA:23,0
DA:24,0
LF:14
LH:4
end_of_record
SF:lib/services/event_store/database/daos/nostr_event_dao.dart
DA:21,5
DA:23,5
DA:24,5
DA:26,10
DA:27,10
DA:32,5
DA:34,10
DA:35,5
DA:36,20
DA:39,10
DA:42,16
DA:43,10
DA:44,10
DA:45,1
DA:46,1
DA:47,1
DA:48,7
DA:50,16
DA:51,3
DA:52,2
DA:54,4
DA:55,8
DA:56,2
DA:57,14
DA:60,2
DA:61,2
DA:62,2
DA:63,8
DA:64,8
DA:65,4
DA:70,5
DA:71,5
DA:72,5
DA:73,10
DA:74,10
DA:75,10
DA:76,10
DA:77,5
DA:78,10
DA:79,10
DA:80,15
DA:87,25
DA:90,10
DA:91,10
DA:93,6
DA:94,3
DA:96,3
DA:97,9
DA:98,10
DA:100,3
DA:101,3
DA:102,3
DA:103,3
DA:106,7
DA:114,5
DA:119,10
DA:120,10
DA:121,1
DA:127,5
DA:128,10
DA:129,7
DA:130,1
DA:131,1
DA:132,1
DA:133,1
DA:134,1
DA:148,1
DA:149,1
DA:150,1
DA:154,1
DA:155,1
DA:157,3
DA:158,7
DA:160,1
DA:161,4
DA:165,1
DA:166,2
DA:167,1
DA:168,2
DA:170,2
DA:171,1
DA:172,1
DA:175,1
DA:177,2
DA:178,4
DA:179,1
DA:180,4
DA:181,3
DA:185,3
DA:186,1
DA:187,3
DA:188,3
DA:189,3
DA:190,2
DA:192,1
DA:193,4
DA:196,1
DA:198,1
DA:199,2
DA:200,5
DA:201,5
DA:202,5
DA:209,5
DA:212,5
DA:214,10
DA:215,36
DA:218,2
DA:219,1
DA:220,1
DA:221,7
DA:223,5
DA:224,1
DA:225,1
DA:227,3
DA:228,1
DA:230,16
DA:231,3
DA:232,2
DA:233,1
DA:236,4
DA:237,8
DA:238,16
DA:241,4
DA:242,2
DA:243,2
DA:244,8
DA:245,8
DA:246,4
DA:248,10
DA:249,2
DA:250,2
DA:252,3
DA:253,2
DA:258,4
DA:262,5
DA:265,5
DA:266,5
DA:267,5
DA:269,10
DA:270,16
DA:271,3
DA:272,2
DA:273,6
DA:274,2
DA:275,0
DA:276,2
DA:281,5
DA:284,10
DA:287,5
DA:288,5
DA:289,5
DA:290,5
DA:291,5
DA:293,0
DA:294,0
DA:295,0
DA:296,0
DA:300,1
DA:301,1
DA:302,1
DA:303,3
DA:305,0
DA:306,0
DA:307,0
DA:308,0
DA:314,5
DA:317,10
DA:319,5
DA:321,25
DA:323,5
DA:324,0
DA:331,0
DA:332,0
DA:334,0
DA:336,0
DA:338,0
DA:339,0
DA:340,0
DA:343,0
DA:344,0
DA:346,0
DA:347,0
DA:348,0
DA:353,0
DA:355,0
DA:357,0
DA:359,0
DA:360,0
DA:366,5
DA:370,11
DA:371,15
DA:374,7
DA:375,5
DA:378,7
DA:379,5
DA:382,5
DA:383,0
DA:384,0
DA:387,5
DA:388,0
DA:389,0
DA:392,7
DA:393,1
DA:396,2
DA:397,4
DA:398,5
DA:401,1
DA:402,7
DA:407,5
DA:408,0
DA:409,0
DA:410,0
DA:412,0
DA:416,0
DA:420,0
DA:421,0
DA:424,0
DA:425,0
DA:428,0
DA:429,0
DA:430,0
DA:433,0
DA:434,0
DA:435,0
DA:438,0
DA:439,0
DA:442,0
DA:443,0
DA:444,0
DA:447,0
DA:448,0
DA:449,0
DA:454,0
DA:455,0
DA:456,0
DA:457,0
DA:459,0
DA:463,5
DA:464,10
DA:465,10
DA:466,5
DA:469,5
DA:470,14
DA:471,5
DA:473,5
DA:474,5
DA:475,5
DA:476,5
DA:477,5
DA:478,5
DA:479,5
DA:482,5
DA:485,0
DA:486,0
DA:488,0
DA:490,0
DA:491,0
DA:492,0
DA:494,0
DA:495,0
DA:498,0
DA:499,0
DA:501,0
DA:504,0
DA:505,0
DA:506,0
DA:508,0
DA:509,0
DA:512,0
DA:513,0
DA:515,0
DA:516,0
DA:517,0
DA:518,0
DA:520,0
DA:524,0
DA:525,0
DA:527,0
DA:529,0
DA:530,0
DA:533,0
DA:535,0
DA:537,0
DA:544,0
DA:545,0
DA:546,0
DA:547,0
DA:551,1
DA:552,1
DA:553,1
DA:554,6
DA:556,2
DA:557,7
LF:293
LH:199
end_of_record
SF:lib/services/event_store/database/daos/outbox_dao.dart
DA:13,1
DA:16,1
DA:18,3
DA:19,1
DA:21,2
DA:28,1
DA:30,2
DA:31,5
DA:32,5
DA:33,1
DA:37,0
DA:39,0
DA:40,0
DA:41,0
DA:42,0
DA:46,0
DA:48,0
DA:49,0
DA:50,0
DA:51,0
DA:52,0
DA:53,0
DA:56,0
DA:57,0
DA:61,1
DA:63,7
DA:64,1
DA:66,3
DA:72,1
DA:74,7
DA:75,1
DA:77,2
DA:83,1
DA:85,7
DA:86,1
DA:88,1
DA:94,1
DA:96,1
DA:97,1
DA:98,5
DA:102,7
DA:103,1
DA:105,3
DA:112,1
DA:114,1
DA:115,1
DA:116,6
DA:120,0
DA:122,0
DA:123,0
DA:124,0
DA:133,0
DA:135,0
DA:139,0
DA:141,0
DA:142,0
DA:143,0
DA:144,0
DA:145,0
DA:146,0
DA:147,0
DA:148,0
DA:151,0
DA:155,1
DA:159,3
DA:160,3
DA:161,1
DA:162,4
DA:163,2
DA:165,1
LF:70
LH:40
end_of_record
SF:lib/services/event_store/database/daos/outbox_dao.g.dart
DA:7,3
DA:8,0
DA:13,0
DA:14,0
DA:15,0
LF:5
LH:1
end_of_record
SF:lib/services/event_store/database/tables/nostr_event_relays.dart
DA:7,0
DA:9,0
DA:10,0
DA:12,0
DA:14,0
DA:16,0
DA:17,0
DA:18,0
LF:8
LH:0
end_of_record
SF:lib/services/event_store/database/tables/nostr_events.dart
DA:20,0
DA:23,0
DA:26,0
DA:29,0
DA:32,0
DA:34,0
DA:37,0
DA:40,0
DA:42,0
DA:43,0
LF:10
LH:0
end_of_record
SF:lib/services/event_store/database/tables/nostr_tags.dart
DA:8,0
DA:11,0
DA:12,0
DA:15,0
DA:18,0
DA:21,0
LF:6
LH:0
end_of_record
SF:lib/services/event_store/database/tables/outbox_events.dart
DA:26,0
DA:29,0
DA:30,0
DA:31,0
DA:34,0
DA:37,0
DA:40,0
DA:43,0
DA:46,0
DA:48,0
DA:49,0
LF:11
LH:0
end_of_record
SF:lib/services/event_store/drift_event_store.dart
DA:10,5
DA:13,5
DA:15,10
DA:18,5
DA:20,10
DA:23,1
DA:25,2
DA:28,0
DA:30,0
DA:33,0
DA:35,0
DA:38,0
DA:40,0
DA:43,0
DA:45,0
DA:48,1
DA:50,2
LF:17
LH:9
end_of_record
