SF:lib/services/model/nostr_event.dart
DA:14,0
DA:33,4
DA:43,1
DA:44,1
DA:46,6
DA:48,0
DA:49,0
DA:51,2
DA:52,8
LF:9
LH:6
end_of_record
SF:lib/services/model/nostr_event.g.dart
DA:9,2
DA:10,2
DA:11,1
DA:12,1
DA:13,2
DA:15,1
DA:16,5
DA:17,1
DA:18,0
DA:19,1
DA:20,1
DA:23,3
DA:24,3
DA:25,3
DA:26,3
DA:27,3
DA:28,3
DA:29,3
DA:30,3
DA:31,3
LF:20
LH:19
end_of_record
SF:lib/services/model/tag/tag.dart
DA:4,5
DA:6,0
DA:8,0
DA:11,0
DA:12,0
DA:15,0
DA:16,0
DA:34,0
DA:35,0
DA:39,5
DA:40,1
LF:11
LH:3
end_of_record
SF:lib/app/app_config.dart
DA:6,1
DA:8,1
LF:2
LH:2
end_of_record
SF:lib/services/model/tag/tag_value.dart
DA:16,1
DA:21,2
LF:2
LH:2
end_of_record
SF:lib/auth/data/common_event_storage_impl.dart
DA:22,1
DA:23,2
DA:24,0
DA:27,2
DA:32,0
DA:36,0
DA:57,0
DA:58,0
DA:60,1
DA:62,0
DA:64,0
DA:65,0
DA:69,1
DA:71,2
DA:72,3
DA:74,5
DA:76,1
DA:78,1
DA:79,1
DA:80,1
DA:81,1
DA:84,2
DA:86,0
DA:87,0
DA:91,1
DA:93,1
DA:94,2
DA:95,1
DA:96,3
DA:101,1
DA:103,1
DA:104,2
DA:105,1
DA:106,3
DA:111,1
DA:112,1
DA:113,3
DA:119,0
DA:121,0
DA:125,0
DA:127,0
DA:129,0
DA:130,0
DA:131,0
DA:134,0
DA:136,0
DA:138,0
DA:139,0
DA:140,0
DA:143,0
DA:145,0
DA:147,0
DA:148,0
DA:149,0
DA:152,0
DA:153,0
DA:155,0
DA:157,0
LF:58
LH:27
end_of_record
SF:lib/core/one_to_many_map.dart
DA:4,1
DA:5,2
DA:6,1
DA:7,2
DA:10,0
DA:11,0
DA:12,0
DA:13,0
DA:16,0
DA:18,0
DA:19,0
DA:20,0
LF:12
LH:4
end_of_record
SF:lib/auth/data/mappers/note_mapper.dart
DA:6,1
DA:7,1
DA:9,1
DA:13,1
DA:15,1
DA:17,1
DA:19,3
LF:7
LH:7
end_of_record
SF:lib/auth/domain/model/note.dart
DA:10,2
DA:23,2
DA:30,1
DA:31,5
DA:33,2
DA:34,2
DA:35,2
DA:36,2
DA:37,0
DA:38,2
LF:10
LH:9
end_of_record
SF:lib/auth/data/notes_repository_impl.dart
DA:31,1
DA:37,0
DA:38,0
DA:39,0
DA:40,0
DA:41,0
DA:42,0
DA:43,0
DA:45,0
DA:46,0
DA:47,0
DA:52,0
DA:58,0
DA:60,0
DA:61,0
DA:62,0
DA:63,0
DA:64,0
DA:65,0
DA:66,0
DA:67,0
DA:68,0
DA:69,0
DA:76,0
DA:81,0
DA:82,0
DA:83,0
DA:84,0
DA:87,0
DA:93,0
DA:94,0
DA:98,0
DA:100,0
DA:103,1
DA:112,2
DA:113,0
DA:114,1
DA:116,1
DA:117,1
DA:118,3
DA:119,2
DA:120,2
DA:121,3
DA:124,1
DA:126,1
DA:127,1
DA:128,1
DA:136,3
DA:137,2
DA:141,2
DA:143,0
DA:146,2
DA:148,1
DA:150,3
DA:158,2
DA:164,1
DA:165,1
DA:166,5
DA:167,1
DA:171,1
LF:60
LH:26
end_of_record
SF:lib/common/domain/error/app_error.dart
DA:4,0
DA:8,7
DA:27,0
DA:29,0
DA:30,0
DA:31,0
DA:32,0
DA:33,0
DA:34,0
DA:37,0
DA:38,0
DA:39,0
DA:50,0
DA:54,5
DA:56,0
DA:57,0
DA:61,5
DA:63,0
DA:64,0
DA:68,5
DA:70,0
DA:71,0
LF:22
LH:4
end_of_record
SF:lib/common/domain/event_publisher.dart
DA:25,1
DA:36,1
DA:40,1
DA:41,1
DA:43,0
DA:45,0
LF:6
LH:4
end_of_record
SF:lib/core/tools/date_time_helper.dart
DA:4,0
DA:5,0
LF:2
LH:0
end_of_record
SF:lib/core/tools/now.dart
DA:2,5
DA:5,0
LF:2
LH:1
end_of_record
SF:lib/services/model/nostr_filter.dart
DA:34,1
DA:49,2
DA:50,2
DA:51,2
DA:52,2
DA:53,2
DA:58,0
DA:61,0
DA:62,0
DA:63,0
DA:64,0
DA:65,0
DA:66,0
DA:67,0
DA:68,0
DA:69,0
DA:70,0
DA:71,0
DA:72,0
DA:75,0
DA:77,0
LF:21
LH:6
end_of_record
SF:lib/services/model/nostr_filter.g.dart
DA:9,0
DA:10,0
DA:11,0
DA:12,0
DA:13,0
DA:14,0
DA:15,0
DA:16,0
DA:17,0
DA:18,0
DA:19,0
DA:20,0
DA:21,0
DA:22,0
DA:23,0
DA:24,0
DA:25,0
DA:28,2
DA:29,2
DA:30,4
DA:31,3
DA:32,3
DA:33,3
DA:34,3
DA:35,3
DA:36,3
DA:37,3
DA:38,3
DA:39,4
DA:40,3
DA:41,3
LF:31
LH:14
end_of_record
SF:lib/services/model/nostr_req.dart
DA:9,1
DA:11,2
DA:12,4
DA:13,2
DA:15,8
DA:21,0
LF:6
LH:5
end_of_record
SF:lib/services/nostr_client.dart
DA:15,4
DA:27,9
DA:31,4
DA:32,4
DA:33,8
DA:34,8
DA:35,8
DA:39,0
DA:40,0
DA:41,0
DA:45,1
DA:46,2
DA:47,1
DA:48,2
DA:51,1
DA:52,2
DA:53,3
DA:54,1
DA:58,2
DA:59,6
DA:60,4
DA:61,2
DA:63,2
DA:65,2
DA:68,2
DA:70,2
DA:71,4
DA:72,2
DA:73,6
DA:74,6
DA:75,2
DA:77,2
DA:79,4
DA:81,2
DA:83,3
DA:86,2
DA:87,1
DA:93,2
DA:101,4
DA:102,4
DA:103,4
DA:104,4
DA:105,4
DA:107,20
DA:108,4
DA:110,15
DA:111,3
DA:112,4
DA:113,2
DA:114,2
DA:116,2
DA:122,4
DA:123,12
DA:124,12
DA:125,4
DA:130,1
DA:131,2
DA:132,1
DA:133,1
DA:134,2
DA:135,3
DA:141,5
DA:142,0
DA:143,0
DA:151,2
LF:65
LH:60
end_of_record
SF:lib/services/nostr_event_creator.dart
DA:9,2
DA:18,6
DA:19,2
DA:27,2
DA:33,2
DA:44,2
DA:51,2
DA:53,2
DA:54,2
DA:55,2
DA:56,4
LF:11
LH:11
end_of_record
SF:lib/auth/domain/usecase/create_note_usecase.dart
DA:17,1
DA:27,1
DA:35,3
DA:40,1
DA:44,1
DA:47,3
DA:48,0
DA:49,1
DA:51,2
DA:52,2
DA:55,2
DA:57,1
DA:58,1
DA:64,1
DA:69,2
DA:71,1
DA:72,1
DA:74,1
DA:80,1
DA:81,2
LF:20
LH:19
end_of_record
SF:lib/auth/domain/usecase/note_crypto_use_case.dart
DA:19,2
DA:28,2
DA:29,2
DA:31,2
DA:32,2
DA:34,4
DA:36,4
DA:38,8
DA:44,4
DA:45,2
DA:49,4
DA:50,2
DA:54,2
DA:57,2
DA:58,2
DA:59,2
DA:61,4
DA:62,2
DA:64,4
DA:65,4
DA:66,4
DA:72,2
DA:73,4
DA:77,4
DA:78,2
DA:82,4
DA:83,2
DA:87,2
DA:88,4
DA:92,2
DA:95,1
DA:96,1
DA:97,1
DA:99,1
DA:100,2
DA:102,2
DA:103,2
DA:104,2
DA:110,1
DA:111,2
DA:116,2
DA:117,1
DA:121,1
DA:122,2
DA:125,1
DA:127,0
DA:131,2
DA:132,4
DA:134,2
DA:136,2
DA:138,2
DA:139,2
DA:143,2
DA:144,4
DA:146,2
DA:148,2
DA:149,0
DA:150,2
DA:151,4
DA:155,2
DA:156,4
DA:158,2
DA:160,2
DA:161,0
DA:162,2
DA:163,4
DA:174,1
DA:180,1
DA:182,1
DA:185,2
DA:188,1
DA:189,1
DA:191,2
DA:193,4
DA:198,1
DA:199,2
DA:206,1
DA:209,2
DA:210,2
LF:79
LH:76
end_of_record
SF:lib/common/domain/usecase/session_usecase.dart
DA:8,2
DA:10,0
DA:12,6
DA:14,2
DA:15,4
DA:18,1
DA:20,2
DA:21,2
LF:8
LH:7
end_of_record
SF:lib/common/domain/model/session/session.dart
DA:5,5
DA:23,5
DA:25,0
DA:28,0
DA:31,0
DA:32,0
DA:34,0
DA:35,0
DA:43,0
DA:45,0
DA:48,0
DA:51,0
DA:52,0
DA:54,0
DA:55,0
DA:64,1
DA:66,0
DA:69,0
DA:72,0
DA:73,0
LF:20
LH:3
end_of_record
SF:lib/services/crypto_service/crypto_service.dart
DA:31,1
DA:34,0
DA:35,0
LF:3
LH:1
end_of_record
SF:lib/common/domain/error/error_messages_provider.dart
DA:5,0
DA:6,0
DA:8,0
LF:3
LH:0
end_of_record
SF:lib/common/domain/model/session/user_keys.dart
DA:7,1
DA:9,0
DA:10,0
LF:3
LH:1
end_of_record
SF:lib/services/channel_factory.dart
DA:5,5
DA:7,2
DA:8,2
DA:10,4
LF:4
LH:4
end_of_record
SF:lib/services/ws_channel.dart
DA:7,2
DA:11,4
DA:13,6
DA:15,8
DA:17,6
DA:19,0
LF:6
LH:5
end_of_record
SF:lib/services/crypto_service/crypto_service_impl_mobile.dart
DA:9,5
DA:10,0
DA:17,5
DA:20,1
DA:23,1
DA:29,2
DA:36,1
DA:41,2
DA:47,1
DA:52,2
DA:58,1
DA:64,2
DA:73,0
DA:75,0
DA:78,0
DA:84,0
DA:87,0
DA:92,0
DA:95,0
DA:101,0
DA:104,0
DA:108,0
LF:22
LH:11
end_of_record
SF:lib/services/nip44/derive_keys.dart
DA:8,5
DA:10,2
DA:15,2
DA:21,1
DA:26,1
DA:30,1
DA:36,2
DA:37,2
DA:38,2
DA:39,4
DA:40,2
DA:41,2
DA:44,1
DA:48,1
DA:49,1
DA:50,1
DA:52,2
DA:54,1
DA:55,1
LF:19
LH:19
end_of_record
SF:lib/services/nip44/nip44.dart
DA:9,5
DA:14,1
DA:19,2
DA:26,2
DA:32,2
DA:35,2
DA:38,2
DA:39,2
DA:40,2
DA:41,2
DA:44,4
DA:47,2
DA:54,2
DA:57,2
DA:60,2
DA:66,2
DA:69,2
DA:70,2
DA:71,2
DA:72,2
DA:75,2
DA:76,2
DA:77,2
DA:78,2
DA:81,2
DA:84,2
DA:91,2
DA:93,2
DA:96,2
DA:97,2
DA:99,2
DA:101,2
LF:32
LH:32
end_of_record
SF:lib/services/hex_to_bytes.dart
DA:4,0
DA:5,0
DA:8,1
DA:9,5
DA:13,0
DA:14,0
DA:15,0
DA:16,0
DA:17,0
LF:9
LH:2
end_of_record
SF:lib/services/key_tool/bech32_tool.dart
DA:5,1
DA:7,2
DA:8,1
DA:9,1
DA:14,3
DA:24,1
DA:32,1
DA:34,2
DA:35,2
DA:36,1
DA:38,1
DA:39,1
DA:40,5
DA:45,0
DA:46,0
DA:48,5
DA:59,5
LF:17
LH:15
end_of_record
SF:lib/services/key_tool/key_tool.dart
DA:13,1
DA:14,2
DA:18,2
DA:22,1
DA:25,1
DA:26,1
DA:30,2
DA:35,1
DA:42,2
DA:47,2
DA:48,2
DA:51,2
DA:52,1
DA:53,6
DA:54,2
DA:57,1
DA:58,1
DA:59,3
DA:62,1
DA:63,2
DA:64,1
DA:65,1
LF:22
LH:22
end_of_record
SF:lib/services/model/base_nostr_event.dart
DA:2,5
LF:1
LH:1
end_of_record
SF:lib/services/model/tag/nostr_event_tags.dart
DA:6,2
DA:7,2
DA:8,4
DA:9,8
DA:10,6
DA:17,2
DA:18,2
DA:19,2
DA:21,2
DA:22,4
DA:23,4
DA:24,4
LF:12
LH:12
end_of_record
SF:lib/services/model/nostr_event_eose.dart
DA:8,1
DA:10,1
DA:13,0
DA:14,0
LF:4
LH:2
end_of_record
SF:lib/services/model/nostr_event_ok.dart
DA:9,2
DA:16,0
DA:19,1
DA:22,1
DA:23,3
DA:24,3
DA:25,3
DA:26,3
DA:29,0
DA:30,0
LF:10
LH:7
end_of_record
SF:lib/services/nip44/nip_44_utils.dart
DA:8,2
DA:9,2
DA:10,2
DA:11,6
DA:15,2
DA:19,4
DA:22,4
DA:26,2
DA:28,2
DA:29,2
DA:30,2
DA:31,2
DA:35,2
DA:36,2
DA:37,4
DA:38,0
DA:41,2
DA:42,4
DA:45,6
DA:46,4
DA:48,4
DA:54,2
DA:55,6
DA:56,2
DA:57,2
DA:60,8
DA:64,2
DA:69,2
DA:70,2
DA:71,2
DA:77,4
DA:80,2
DA:85,2
DA:86,2
DA:87,2
DA:89,2
DA:91,2
DA:94,2
DA:95,4
DA:97,2
DA:98,2
DA:99,2
DA:101,2
DA:104,2
DA:105,2
DA:106,4
DA:107,2
DA:110,2
DA:116,6
DA:117,2
DA:118,2
DA:120,4
DA:121,2
DA:122,6
DA:123,4
DA:124,2
DA:126,4
DA:129,2
DA:130,8
DA:131,8
DA:132,0
DA:134,4
DA:137,2
DA:138,2
DA:139,8
DA:140,2
DA:143,2
DA:144,6
DA:145,0
DA:148,8
DA:149,0
DA:152,2
DA:154,4
DA:155,0
DA:158,2
DA:159,6
DA:160,6
DA:162,2
DA:165,2
DA:171,2
DA:172,2
DA:173,0
DA:177,2
DA:178,4
DA:179,0
DA:181,4
DA:183,4
DA:184,2
DA:186,0
LF:89
LH:81
end_of_record
SF:lib/services/nostr_event_ok_completer_map.dart
DA:9,2
DA:10,2
DA:13,2
DA:18,4
DA:19,4
DA:22,2
DA:26,2
DA:27,4
DA:30,2
DA:34,2
DA:35,6
LF:11
LH:11
end_of_record
SF:lib/services/nostr_relay.dart
DA:16,4
DA:18,4
DA:22,8
DA:25,3
DA:26,6
DA:28,4
DA:30,8
DA:32,0
DA:37,1
DA:38,3
DA:41,2
DA:42,6
DA:45,4
DA:46,20
DA:49,6
DA:51,0
DA:56,0
DA:59,0
DA:62,0
DA:63,0
DA:69,3
DA:70,3
DA:76,3
DA:78,3
DA:82,3
DA:83,3
DA:86,3
DA:88,3
DA:92,6
DA:93,2
DA:96,3
DA:100,6
DA:101,2
DA:102,2
DA:103,2
DA:105,2
DA:109,1
DA:111,1
DA:116,1
LF:39
LH:33
end_of_record
SF:lib/common/data/decryption_repository_impl.dart
DA:6,1
DA:10,1
DA:16,2
DA:18,1
DA:19,1
DA:21,0
DA:26,1
DA:31,2
LF:8
LH:7
end_of_record
SF:lib/common/domain/repository/decryption_repository.dart
DA:4,0
DA:15,0
DA:19,1
DA:21,0
DA:22,0
DA:26,0
DA:30,0
DA:32,0
DA:33,0
LF:9
LH:1
end_of_record
SF:lib/common/data/service/aes_encryption_with_hmac.dart
DA:13,1
DA:16,1
DA:17,3
DA:18,1
DA:19,1
DA:22,2
DA:26,1
DA:27,2
DA:29,1
DA:30,1
DA:31,2
DA:32,2
DA:36,0
DA:37,0
DA:38,0
DA:42,1
DA:47,1
DA:48,1
DA:51,4
DA:52,3
DA:55,2
DA:57,2
DA:58,1
DA:62,5
DA:63,1
DA:66,3
DA:68,1
DA:72,1
DA:77,1
DA:80,1
DA:81,2
DA:82,4
DA:83,3
DA:86,1
DA:87,4
DA:89,5
DA:90,1
DA:92,1
DA:97,4
DA:98,3
DA:104,1
DA:105,1
DA:106,1
DA:107,3
DA:112,1
DA:113,3
DA:115,3
DA:116,4
DA:118,1
DA:123,0
DA:126,1
DA:128,0
DA:129,0
LF:53
LH:47
end_of_record
