SF:lib/common/domain/relay_validator.dart
DA:2,6
DA:13,6
DA:15,0
DA:19,0
DA:20,0
DA:24,0
DA:25,0
DA:29,0
DA:40,1
DA:44,2
DA:48,1
DA:49,1
DA:53,2
LF:13
LH:7
end_of_record
SF:lib/services/model/nostr_filter.dart
DA:34,1
DA:49,5
DA:50,5
DA:51,5
DA:52,5
DA:53,2
DA:58,0
DA:61,0
DA:62,0
DA:63,0
DA:64,0
DA:65,0
DA:66,0
DA:67,0
DA:68,0
DA:69,0
DA:70,0
DA:71,0
DA:72,0
DA:75,0
DA:77,0
LF:21
LH:6
end_of_record
SF:lib/services/model/nostr_filter.g.dart
DA:9,0
DA:10,0
DA:11,0
DA:12,0
DA:13,0
DA:14,0
DA:15,0
DA:16,0
DA:17,0
DA:18,0
DA:19,0
DA:20,0
DA:21,0
DA:22,0
DA:23,0
DA:24,0
DA:25,0
DA:28,5
DA:29,5
DA:30,10
DA:31,6
DA:32,6
DA:33,6
DA:34,6
DA:35,6
DA:36,6
DA:37,6
DA:38,6
DA:39,10
DA:40,6
DA:41,6
LF:31
LH:14
end_of_record
SF:lib/services/model/nostr_req.dart
DA:9,1
DA:11,5
DA:12,10
DA:13,5
DA:15,20
DA:21,0
LF:6
LH:5
end_of_record
SF:lib/app/app_config.dart
DA:5,0
DA:7,0
DA:15,1
DA:17,1
LF:4
LH:2
end_of_record
SF:lib/services/model/tag/tag_value.dart
DA:16,1
DA:21,2
LF:2
LH:2
end_of_record
SF:lib/auth/data/common_event_storage_impl.dart
DA:22,1
DA:23,2
DA:24,0
DA:27,2
DA:32,0
DA:36,0
DA:57,0
DA:58,0
DA:60,1
DA:62,0
DA:64,0
DA:65,0
DA:69,1
DA:71,2
DA:72,3
DA:74,5
DA:76,1
DA:78,1
DA:79,1
DA:80,1
DA:81,1
DA:84,2
DA:86,0
DA:87,0
DA:91,1
DA:93,1
DA:94,2
DA:95,1
DA:96,3
DA:101,1
DA:103,1
DA:104,2
DA:105,1
DA:106,3
DA:111,1
DA:112,1
DA:113,3
DA:119,0
DA:121,0
DA:125,0
DA:127,0
DA:129,0
DA:130,0
DA:131,0
DA:134,0
DA:136,0
DA:138,0
DA:139,0
DA:140,0
DA:143,0
DA:145,0
DA:147,0
DA:148,0
DA:149,0
DA:152,0
DA:153,0
DA:155,0
DA:157,0
LF:58
LH:27
end_of_record
SF:lib/core/one_to_many_map.dart
DA:4,1
DA:5,2
DA:6,1
DA:7,2
DA:10,0
DA:11,0
DA:12,0
DA:13,0
DA:16,0
DA:18,0
DA:19,0
DA:20,0
LF:12
LH:4
end_of_record
SF:lib/services/model/nostr_event.dart
DA:14,0
DA:33,7
DA:43,4
DA:44,4
DA:46,6
DA:48,1
DA:49,2
DA:51,2
DA:52,8
LF:9
LH:8
end_of_record
SF:lib/services/model/nostr_event.g.dart
DA:9,8
DA:10,8
DA:11,4
DA:12,4
DA:13,8
DA:15,4
DA:16,8
DA:17,4
DA:18,0
DA:19,4
DA:20,4
DA:23,3
DA:24,3
DA:25,3
DA:26,3
DA:27,3
DA:28,3
DA:29,3
DA:30,3
DA:31,3
LF:20
LH:19
end_of_record
SF:lib/services/model/tag/tag.dart
DA:4,4
DA:6,0
DA:8,0
DA:12,0
DA:15,0
DA:19,0
DA:20,0
DA:38,0
DA:39,0
DA:43,4
DA:44,1
LF:11
LH:3
end_of_record
SF:lib/auth/data/mappers/note_mapper.dart
DA:6,1
DA:7,1
DA:9,1
DA:13,1
DA:15,1
DA:17,1
DA:19,3
LF:7
LH:7
end_of_record
SF:lib/auth/domain/model/note.dart
DA:10,2
DA:23,2
DA:30,1
DA:31,5
DA:33,2
DA:34,2
DA:35,2
DA:36,2
DA:37,0
DA:38,2
LF:10
LH:9
end_of_record
SF:lib/auth/data/notes_repository_impl.dart
DA:31,1
DA:37,0
DA:38,0
DA:39,0
DA:40,0
DA:41,0
DA:42,0
DA:43,0
DA:45,0
DA:46,0
DA:47,0
DA:52,0
DA:58,0
DA:61,0
DA:62,0
DA:63,0
DA:64,0
DA:65,0
DA:66,0
DA:67,0
DA:68,0
DA:69,0
DA:76,0
DA:81,0
DA:82,0
DA:83,0
DA:84,0
DA:87,0
DA:93,0
DA:94,0
DA:98,0
DA:100,0
DA:103,1
DA:112,2
DA:113,0
DA:114,1
DA:116,1
DA:117,1
DA:118,3
DA:119,2
DA:120,2
DA:121,3
DA:124,1
DA:126,1
DA:127,1
DA:128,1
DA:136,3
DA:137,2
DA:148,2
DA:150,1
DA:156,2
DA:157,0
DA:160,3
DA:170,2
DA:176,1
DA:191,1
DA:192,1
DA:193,1
DA:194,5
DA:195,3
LF:60
LH:27
end_of_record
SF:lib/auth/domain/repo/notes_repository.dart
DA:41,1
DA:48,1
DA:49,1
DA:50,1
DA:51,1
DA:52,1
DA:53,0
LF:7
LH:6
end_of_record
SF:lib/common/domain/error/app_error.dart
DA:4,0
DA:8,4
DA:27,0
DA:29,0
DA:30,0
DA:31,0
DA:32,0
DA:33,0
DA:34,0
DA:37,0
DA:38,0
DA:39,0
DA:50,0
DA:54,4
DA:56,0
DA:57,0
DA:61,4
DA:63,0
DA:64,0
DA:68,4
DA:70,0
DA:71,0
LF:22
LH:4
end_of_record
SF:lib/core/tools/date_time_helper.dart
DA:4,0
DA:5,0
LF:2
LH:0
end_of_record
SF:lib/core/tools/now.dart
DA:2,4
DA:5,0
LF:2
LH:1
end_of_record
SF:lib/services/nostr_client/nostr_client.dart
DA:14,4
DA:17,4
DA:24,12
DA:25,0
DA:28,8
DA:30,9
DA:33,0
DA:35,4
DA:36,4
DA:37,8
DA:38,4
DA:39,20
DA:43,4
DA:44,4
DA:45,8
DA:46,8
DA:48,8
DA:55,0
DA:56,0
DA:57,0
DA:59,0
DA:62,1
DA:63,2
DA:64,1
DA:67,5
DA:69,2
DA:72,1
DA:73,2
DA:74,3
DA:75,1
DA:80,2
DA:81,6
DA:83,2
DA:87,0
DA:88,0
DA:89,0
DA:90,0
DA:95,0
DA:96,0
DA:97,0
DA:98,0
DA:99,0
DA:105,3
DA:112,3
DA:113,3
DA:114,12
DA:115,18
DA:116,6
DA:117,3
DA:118,6
DA:122,3
DA:127,1
DA:128,1
DA:129,1
DA:130,2
DA:132,2
DA:133,3
DA:134,3
LF:58
LH:43
end_of_record
SF:lib/services/nostr_client/nostr_event_creator.dart
DA:9,2
DA:18,6
DA:19,2
DA:27,2
DA:33,2
DA:44,2
DA:51,2
DA:53,2
DA:54,2
DA:55,2
DA:56,4
LF:11
LH:11
end_of_record
SF:lib/services/nostr_client/nostr_publisher.dart
DA:10,2
DA:24,0
DA:26,2
DA:27,2
DA:28,0
DA:30,4
DA:31,2
DA:35,2
DA:36,10
DA:37,4
DA:39,2
DA:40,2
DA:42,2
DA:44,2
DA:45,2
DA:46,4
DA:47,2
DA:48,4
DA:49,6
DA:50,2
DA:54,2
DA:55,0
DA:56,0
DA:57,0
DA:61,4
DA:67,2
DA:68,2
DA:69,2
DA:71,4
DA:73,4
DA:75,2
DA:80,2
DA:81,2
DA:88,1
LF:34
LH:29
end_of_record
SF:lib/services/nostr_client/publish_event_report.dart
DA:11,2
DA:18,1
DA:19,2
DA:20,0
DA:23,5
DA:24,4
DA:25,0
DA:26,3
DA:27,0
DA:35,0
DA:39,0
DA:40,0
DA:44,0
DA:46,0
DA:47,0
DA:49,0
DA:53,0
DA:55,0
DA:56,0
DA:58,0
LF:20
LH:6
end_of_record
SF:lib/auth/domain/usecase/create_note_usecase.dart
DA:15,1
DA:24,1
DA:31,3
DA:36,1
DA:40,1
DA:43,3
DA:44,0
DA:45,1
DA:47,2
DA:48,2
DA:51,2
DA:53,1
DA:54,1
DA:60,1
DA:65,2
DA:67,1
DA:72,1
DA:73,2
LF:18
LH:17
end_of_record
SF:lib/auth/domain/usecase/note_crypto_use_case.dart
DA:19,2
DA:28,2
DA:29,2
DA:31,2
DA:32,2
DA:34,4
DA:36,4
DA:38,8
DA:44,4
DA:45,2
DA:49,4
DA:50,2
DA:54,2
DA:57,2
DA:58,2
DA:59,2
DA:61,4
DA:62,2
DA:64,4
DA:65,4
DA:66,4
DA:72,2
DA:73,4
DA:77,4
DA:78,2
DA:82,4
DA:83,2
DA:87,2
DA:88,4
DA:92,2
DA:95,1
DA:96,1
DA:97,1
DA:99,1
DA:100,2
DA:102,2
DA:103,2
DA:104,2
DA:110,1
DA:111,2
DA:116,2
DA:117,1
DA:121,1
DA:122,2
DA:125,1
DA:127,0
DA:131,2
DA:132,4
DA:134,2
DA:136,2
DA:138,2
DA:139,2
DA:143,2
DA:144,4
DA:146,2
DA:148,2
DA:149,0
DA:150,2
DA:151,4
DA:155,2
DA:156,4
DA:158,2
DA:160,2
DA:161,0
DA:162,2
DA:163,4
DA:174,1
DA:180,1
DA:182,1
DA:185,2
DA:188,1
DA:189,1
DA:191,2
DA:193,4
DA:198,1
DA:199,2
DA:206,1
DA:209,2
DA:210,2
LF:79
LH:76
end_of_record
SF:lib/common/domain/usecase/session_usecase.dart
DA:8,2
DA:10,0
DA:12,6
DA:14,2
DA:15,4
DA:18,1
DA:20,2
DA:21,2
LF:8
LH:7
end_of_record
SF:lib/common/domain/model/session/session.dart
DA:5,4
DA:23,4
DA:25,0
DA:28,0
DA:31,0
DA:32,0
DA:34,0
DA:35,0
DA:43,0
DA:45,0
DA:48,0
DA:51,0
DA:52,0
DA:54,0
DA:55,0
DA:64,1
DA:66,0
DA:69,0
DA:72,0
DA:73,0
LF:20
LH:3
end_of_record
SF:lib/services/crypto_service/crypto_service.dart
DA:31,1
DA:34,0
DA:35,0
LF:3
LH:1
end_of_record
SF:lib/common/domain/error/error_messages_provider.dart
DA:5,0
DA:6,0
DA:8,0
LF:3
LH:0
end_of_record
SF:lib/common/domain/model/session/user_keys.dart
DA:7,1
DA:9,0
DA:10,0
LF:3
LH:1
end_of_record
SF:lib/services/crypto_service/crypto_service_impl_mobile.dart
DA:9,4
DA:10,0
DA:17,4
DA:20,1
DA:23,1
DA:29,2
DA:36,1
DA:41,2
DA:47,1
DA:52,2
DA:58,1
DA:64,2
DA:73,0
DA:75,0
DA:78,0
DA:84,0
DA:87,0
DA:92,0
DA:95,0
DA:101,0
DA:104,0
DA:108,0
LF:22
LH:11
end_of_record
SF:lib/services/nip44/derive_keys.dart
DA:8,4
DA:10,2
DA:15,2
DA:21,1
DA:26,1
DA:30,1
DA:36,2
DA:37,2
DA:38,2
DA:39,4
DA:40,2
DA:41,2
DA:44,1
DA:48,1
DA:49,1
DA:50,1
DA:52,2
DA:54,1
DA:55,1
LF:19
LH:19
end_of_record
SF:lib/services/nip44/nip44.dart
DA:9,4
DA:14,1
DA:19,2
DA:26,2
DA:32,2
DA:35,2
DA:38,2
DA:39,2
DA:40,2
DA:41,2
DA:44,4
DA:47,2
DA:54,2
DA:57,2
DA:60,2
DA:66,2
DA:69,2
DA:70,2
DA:71,2
DA:72,2
DA:75,2
DA:76,2
DA:77,2
DA:78,2
DA:81,2
DA:84,2
DA:91,2
DA:93,2
DA:96,2
DA:97,2
DA:99,2
DA:101,2
LF:32
LH:32
end_of_record
SF:lib/services/hex_to_bytes.dart
DA:4,0
DA:5,0
DA:8,1
DA:9,5
DA:13,0
DA:14,0
DA:15,0
DA:16,0
DA:17,0
LF:9
LH:2
end_of_record
SF:lib/services/key_tool/bech32_tool.dart
DA:5,1
DA:7,2
DA:8,1
DA:9,1
DA:14,3
DA:24,1
DA:32,1
DA:34,2
DA:35,2
DA:36,1
DA:38,1
DA:39,1
DA:40,5
DA:45,0
DA:46,0
DA:48,5
DA:59,4
LF:17
LH:15
end_of_record
SF:lib/services/key_tool/key_tool.dart
DA:16,1
DA:17,2
DA:21,2
DA:25,1
DA:28,1
DA:29,1
DA:33,2
DA:38,1
DA:45,2
DA:50,2
DA:51,2
DA:54,2
DA:55,1
DA:56,6
DA:57,2
DA:60,1
DA:61,1
DA:62,3
DA:65,1
DA:66,2
DA:67,1
DA:68,1
DA:72,1
DA:73,1
DA:77,1
DA:78,1
DA:81,1
DA:82,2
DA:84,1
DA:86,1
DA:95,1
DA:96,1
DA:97,1
DA:99,5
DA:108,1
DA:110,2
DA:111,2
DA:112,3
DA:122,1
DA:130,1
DA:132,2
DA:133,2
DA:134,1
DA:136,1
DA:137,1
DA:138,5
DA:143,1
DA:144,6
DA:146,5
DA:147,0
LF:50
LH:49
end_of_record
SF:lib/services/model/base_nostr_event.dart
DA:2,8
DA:18,6
DA:20,6
DA:22,6
DA:24,6
DA:26,2
DA:28,0
DA:30,0
LF:8
LH:6
end_of_record
SF:lib/services/model/tag/nostr_event_tags.dart
DA:6,2
DA:7,2
DA:8,4
DA:9,8
DA:10,6
DA:17,2
DA:18,2
DA:19,2
DA:21,2
DA:22,4
DA:23,4
DA:24,4
LF:12
LH:12
end_of_record
SF:lib/services/model/nostr_event_close.dart
DA:5,3
DA:9,0
DA:12,3
DA:13,15
LF:4
LH:3
end_of_record
SF:lib/services/model/nostr_event_eose.dart
DA:8,4
DA:10,1
DA:13,0
DA:14,0
LF:4
LH:2
end_of_record
SF:lib/services/model/nostr_event_ok.dart
DA:9,2
DA:16,0
DA:19,1
DA:22,1
DA:23,3
DA:24,3
DA:25,3
DA:26,3
DA:29,0
DA:30,0
LF:10
LH:7
end_of_record
SF:lib/services/nip44/nip_44_utils.dart
DA:8,2
DA:9,2
DA:10,2
DA:11,6
DA:15,2
DA:19,4
DA:22,4
DA:26,2
DA:28,2
DA:29,2
DA:30,2
DA:31,2
DA:35,2
DA:36,2
DA:37,4
DA:38,0
DA:41,2
DA:42,4
DA:45,6
DA:46,4
DA:48,4
DA:54,2
DA:55,6
DA:56,2
DA:57,2
DA:60,8
DA:64,2
DA:69,2
DA:70,2
DA:71,2
DA:77,4
DA:80,2
DA:85,2
DA:86,2
DA:87,2
DA:89,2
DA:91,2
DA:94,2
DA:95,4
DA:97,2
DA:98,2
DA:99,2
DA:101,2
DA:104,2
DA:105,2
DA:106,4
DA:107,2
DA:110,2
DA:116,6
DA:117,2
DA:118,2
DA:120,4
DA:121,2
DA:122,6
DA:123,4
DA:124,2
DA:126,4
DA:129,2
DA:130,8
DA:131,8
DA:132,0
DA:134,4
DA:137,2
DA:138,2
DA:139,8
DA:140,2
DA:143,2
DA:144,6
DA:145,0
DA:148,8
DA:149,0
DA:152,2
DA:154,4
DA:155,0
DA:158,2
DA:159,6
DA:160,6
DA:162,2
DA:165,2
DA:171,2
DA:172,2
DA:173,0
DA:177,2
DA:178,4
DA:179,0
DA:181,4
DA:183,4
DA:184,2
DA:186,0
LF:89
LH:81
end_of_record
SF:lib/services/nostr_client/channel_factory.dart
DA:6,4
DA:8,3
DA:9,3
DA:11,6
LF:4
LH:4
end_of_record
SF:lib/services/nostr_client/ws_channel.dart
DA:6,3
DA:13,6
DA:15,3
DA:16,3
DA:17,6
DA:18,3
DA:22,3
DA:23,3
DA:24,9
DA:27,9
DA:29,4
LF:11
LH:11
end_of_record
SF:lib/services/nostr_client/nostr_relay.dart
DA:17,7
DA:19,21
DA:20,7
DA:23,7
DA:27,7
DA:32,14
DA:38,7
DA:39,7
DA:40,21
DA:45,21
DA:46,12
DA:47,15
DA:48,5
DA:51,7
DA:52,6
DA:54,6
DA:55,12
DA:56,12
DA:59,0
DA:60,0
DA:67,1
DA:68,1
DA:69,2
DA:75,2
DA:76,2
DA:79,0
DA:80,0
DA:87,0
DA:88,0
DA:92,0
DA:96,1
DA:97,3
DA:100,1
DA:102,3
DA:105,2
DA:106,2
DA:108,3
DA:109,1
DA:111,1
DA:112,1
DA:114,3
DA:116,0
DA:117,0
DA:123,1
DA:127,7
DA:128,14
DA:138,4
DA:139,4
DA:140,0
DA:141,0
DA:144,0
DA:148,12
DA:150,3
DA:151,1
DA:155,3
DA:156,3
DA:157,0
DA:158,0
DA:161,0
DA:165,9
DA:167,3
DA:168,1
DA:172,2
DA:173,2
DA:174,0
DA:175,0
DA:178,0
DA:182,6
DA:184,0
DA:185,0
DA:189,18
DA:191,5
DA:192,15
DA:194,10
DA:195,5
DA:198,10
DA:199,10
DA:203,6
DA:206,0
DA:211,0
DA:214,0
DA:217,0
DA:218,0
DA:225,6
DA:226,12
DA:229,6
DA:230,6
DA:234,6
DA:238,6
DA:244,6
DA:246,6
DA:250,6
DA:252,6
DA:256,6
DA:258,6
DA:260,4
DA:261,4
DA:263,4
DA:267,4
DA:268,0
DA:269,0
DA:271,0
DA:275,0
DA:282,6
DA:284,6
DA:288,6
DA:292,6
DA:293,4
DA:296,2
DA:300,2
DA:303,2
DA:304,2
DA:306,0
DA:307,0
DA:312,2
DA:316,2
LF:116
LH:85
end_of_record
SF:lib/common/domain/model/relay_health.dart
DA:7,1
DA:8,2
DA:10,1
DA:12,1
DA:13,1
DA:14,1
DA:15,0
LF:7
LH:6
end_of_record
SF:lib/services/nostr_client/relay_monitoring.dart
DA:20,3
DA:37,2
DA:39,9
DA:41,1
DA:42,2
DA:43,2
DA:45,0
DA:49,3
DA:50,3
DA:51,3
DA:52,9
DA:55,3
DA:56,6
DA:57,3
DA:58,6
DA:59,3
DA:62,3
DA:63,3
DA:64,6
DA:67,3
DA:68,3
DA:70,3
DA:71,6
DA:72,3
DA:74,3
DA:78,3
DA:79,3
DA:80,3
DA:81,3
DA:82,3
DA:87,3
DA:93,1
DA:96,1
DA:97,2
DA:101,1
DA:105,9
DA:108,6
DA:109,3
DA:110,3
DA:115,3
DA:116,6
DA:117,3
DA:118,6
DA:126,3
DA:129,3
DA:130,3
DA:131,6
DA:134,6
DA:135,12
DA:136,3
DA:137,3
DA:138,3
DA:139,6
DA:140,3
DA:142,3
DA:145,6
DA:147,0
DA:148,0
DA:152,6
DA:153,3
DA:154,6
DA:155,9
DA:157,6
DA:160,3
LF:64
LH:61
end_of_record
SF:lib/unauth/presentation/onboarding/pages/onboarding_relays_page/widgets/relay_input_text_field.dart
DA:13,0
DA:15,0
DA:16,0
DA:22,0
DA:24,0
DA:25,0
DA:28,0
DA:30,0
DA:37,2
DA:40,1
DA:41,1
DA:42,1
DA:43,1
DA:50,1
DA:51,3
DA:52,1
DA:53,1
DA:54,1
DA:59,1
DA:61,2
DA:62,1
DA:65,1
DA:66,1
DA:67,1
DA:70,1
DA:71,1
DA:73,1
DA:74,1
DA:75,2
DA:76,1
DA:78,0
DA:81,1
DA:82,1
DA:83,1
DA:92,0
DA:94,0
DA:96,0
DA:97,0
DA:99,0
DA:100,0
DA:101,0
DA:102,0
DA:103,0
DA:104,0
DA:105,0
DA:106,0
DA:107,0
DA:108,0
DA:111,0
DA:112,0
DA:113,0
DA:119,0
DA:122,0
DA:124,0
DA:125,0
DA:129,0
DA:130,0
DA:135,0
DA:140,0
DA:149,0
DA:156,0
DA:157,0
DA:158,0
DA:159,0
DA:160,0
DA:161,0
DA:162,0
DA:163,0
DA:164,0
DA:165,0
DA:166,0
DA:167,0
DA:168,0
DA:169,0
DA:170,0
DA:172,0
DA:173,0
DA:174,0
DA:175,0
DA:188,0
DA:189,0
DA:196,0
DA:197,0
DA:198,0
DA:199,0
DA:200,0
DA:201,0
DA:205,0
DA:206,0
DA:207,0
DA:208,0
DA:213,0
DA:214,0
DA:215,0
DA:218,0
DA:219,0
DA:221,0
DA:222,0
DA:224,0
DA:226,0
LF:100
LH:25
end_of_record
SF:lib/app/l10n/app_localizations.dart
DA:64,0
DA:65,0
DA:69,0
DA:70,0
DA:532,2
DA:534,0
DA:536,0
DA:539,0
DA:541,0
DA:543,0
DA:547,0
DA:549,0
DA:550,0
DA:551,0
DA:554,0
LF:15
LH:1
end_of_record
SF:lib/app/l10n/app_localizations_en.dart
DA:9,0
DA:11,0
DA:14,0
DA:17,0
DA:20,0
DA:23,0
DA:26,0
DA:29,0
DA:32,0
DA:35,0
DA:38,0
DA:41,0
DA:44,0
DA:47,0
DA:50,0
DA:53,0
DA:56,0
DA:60,0
DA:64,0
DA:68,0
DA:71,0
DA:75,0
DA:78,0
DA:81,0
DA:84,0
DA:88,0
DA:91,0
DA:95,0
DA:99,0
DA:103,0
DA:106,0
DA:109,0
DA:112,0
DA:115,0
DA:119,0
DA:123,0
DA:127,0
DA:131,0
DA:134,0
DA:137,0
DA:140,0
DA:144,0
DA:147,0
DA:151,0
DA:154,0
DA:157,0
DA:160,0
DA:164,0
DA:167,0
DA:170,0
DA:173,0
DA:176,0
DA:179,0
DA:182,0
DA:186,0
DA:188,0
DA:191,0
DA:194,0
DA:198,0
DA:201,0
DA:204,0
DA:207,0
DA:210,0
DA:213,0
DA:216,0
DA:219,0
DA:221,0
DA:224,0
DA:227,0
DA:230,0
DA:233,0
DA:237,0
DA:240,0
DA:243,0
DA:247,0
LF:75
LH:0
end_of_record
SF:lib/app/l10n/localization.dart
DA:7,0
LF:1
LH:0
end_of_record
SF:lib/common/data/relays_monitoring_usecase_impl.dart
DA:13,4
DA:14,2
DA:15,2
DA:20,2
DA:25,1
DA:27,1
DA:28,2
DA:29,1
DA:32,2
DA:36,1
DA:38,1
DA:39,2
DA:40,1
DA:43,2
DA:46,2
DA:48,4
DA:49,2
LF:17
LH:17
end_of_record
SF:lib/unauth/presentation/onboarding/pages/onboarding_relays_page/widgets/relay_tile.dart
DA:16,0
DA:23,0
DA:24,0
DA:30,0
DA:32,0
DA:33,0
DA:34,0
DA:35,0
DA:37,0
DA:38,0
DA:42,0
DA:44,0
DA:46,0
DA:47,0
DA:48,0
DA:49,0
DA:50,0
DA:51,0
DA:54,0
DA:58,0
DA:59,0
DA:60,0
DA:62,0
DA:67,0
DA:69,0
DA:70,0
DA:73,0
DA:75,0
DA:76,0
DA:77,0
DA:78,0
DA:79,0
DA:81,0
DA:82,0
DA:84,0
DA:85,0
DA:86,0
DA:87,0
DA:88,0
DA:89,0
DA:93,0
DA:94,0
DA:96,0
DA:97,0
DA:98,0
DA:99,0
DA:107,0
DA:108,0
DA:109,0
DA:110,0
DA:113,0
DA:120,0
DA:122,0
DA:123,0
DA:125,0
DA:127,0
DA:140,1
DA:141,2
DA:143,1
DA:149,1
DA:150,1
DA:151,1
DA:152,1
DA:156,1
DA:157,1
DA:161,1
DA:162,1
DA:164,2
DA:165,1
DA:166,3
DA:167,1
DA:168,2
DA:171,1
DA:172,1
DA:173,1
DA:174,1
DA:177,1
DA:178,2
DA:179,1
DA:181,1
DA:182,1
DA:183,1
DA:186,1
DA:188,2
DA:189,1
DA:190,2
DA:191,1
DA:200,0
DA:202,0
DA:204,0
DA:211,0
DA:216,0
DA:223,0
DA:226,0
LF:94
LH:31
end_of_record
SF:lib/auth/domain/model/relay_info.dart
DA:6,0
DA:8,0
DA:9,0
LF:3
LH:0
end_of_record
